<?xml version="1.0" encoding="UTF-8"?>
<!-- Generated by org.testng.reporters.JUnitReportReporter -->
<testsuite hostname="ApurvaHP" failures="0" tests="3" name="radiocheckwebtables.CheckBox" time="56.344" errors="0" timestamp="2025-03-21T00:19:02 IST" skipped="0">
  <testcase classname="radiocheckwebtables.CheckBox" name="CheckBoxTest1" time="15.684"/>
  <system-out/>
  <testcase classname="radiocheckwebtables.CheckBox" name="CheckBoxTest3" time="23.414"/>
  <system-out/>
  <testcase classname="radiocheckwebtables.CheckBox" name="CheckBoxTest2" time="17.246"/>
  <system-out/>
</testsuite> <!-- radiocheckwebtables.CheckBox -->
