<?xml version="1.0" encoding="UTF-8"?>
<!-- Generated by org.testng.reporters.JUnitReportReporter -->
<testsuite hostname="ApurvaHP" failures="0" tests="1" name="extratopics.AuthenticationPopUpHandling" time="22.787" errors="0" timestamp="2025-03-21T18:54:32 IST" skipped="0">
  <testcase classname="extratopics.AuthenticationPopUpHandling" name="popUpTest" time="22.787"/>
  <system-out/>
</testsuite> <!-- extratopics.AuthenticationPopUpHandling -->
