<?xml version="1.0" encoding="UTF-8"?>
<!-- Generated by org.testng.reporters.JUnitReportReporter -->
<testsuite hostname="ApurvaHP" failures="0" tests="1" name="handlings.MultipleWindowHandle4" time="23.000" errors="0" timestamp="2025-03-18T15:12:04 IST" skipped="0">
  <testcase classname="handlings.MultipleWindowHandle4" name="multipleWindowHandleTest" time="23.000"/>
  <system-out/>
</testsuite> <!-- handlings.MultipleWindowHandle4 -->
