<?xml version="1.0" encoding="UTF-8"?>
<!-- Generated by org.testng.reporters.JUnitReportReporter -->
<testsuite hostname="ApurvaHP" failures="0" tests="1" name="handlings.MultipleWindowHandle3" time="23.747" errors="0" timestamp="2025-03-18T15:10:09 IST" skipped="0">
  <testcase classname="handlings.MultipleWindowHandle3" name="multipleWindowHandleTest" time="23.747"/>
  <system-out/>
</testsuite> <!-- handlings.MultipleWindowHandle3 -->
