<?xml version="1.0" encoding="UTF-8"?>
<!-- Generated by org.testng.reporters.JUnitReportReporter -->
<testsuite hostname="ApurvaHP" failures="0" tests="1" name="javascriptexecutorsandscreenshots.Highlight2" time="15.391" errors="0" timestamp="2025-03-20T14:11:44 IST" skipped="0">
  <testcase classname="javascriptexecutorsandscreenshots.Highlight2" name="dragAndDropTest" time="15.391"/>
  <system-out/>
</testsuite> <!-- javascriptexecutorsandscreenshots.Highlight2 -->
