<?xml version="1.0" encoding="UTF-8"?>
<!-- Generated by org.testng.reporters.JUnitReportReporter -->
<testsuite hostname="ApurvaHP" failures="0" tests="1" name="javascriptexecutorsandscreenshots.Screenshot2" time="8.370" errors="0" timestamp="2025-03-20T18:45:40 IST" skipped="0">
  <testcase classname="javascriptexecutorsandscreenshots.Screenshot2" name="screenshotTest" time="8.370"/>
  <system-out/>
</testsuite> <!-- javascriptexecutorsandscreenshots.Screenshot2 -->
