<?xml version="1.0" encoding="UTF-8"?>
<!-- Generated by org.testng.reporters.JUnitReportReporter -->
<testsuite hostname="ApurvaHP" failures="0" tests="1" name="javascriptexecutorsandscreenshots.Screenshot1" time="9.419" errors="0" timestamp="2025-03-20T18:40:28 IST" skipped="0">
  <testcase classname="javascriptexecutorsandscreenshots.Screenshot1" name="screenshotTest" time="9.419"/>
  <system-out/>
</testsuite> <!-- javascriptexecutorsandscreenshots.Screenshot1 -->
