<?xml version="1.0" encoding="UTF-8"?>
<!-- Generated by org.testng.reporters.JUnitReportReporter -->
<testsuite hostname="ApurvaHP" failures="0" tests="1" name="waits.HardWait" time="9.977" errors="0" timestamp="2025-03-20T19:06:03 IST" skipped="0">
  <testcase classname="waits.HardWait" name="waitsTest" time="9.977"/>
  <system-out/>
</testsuite> <!-- waits.HardWait -->
