<?xml version="1.0" encoding="UTF-8"?>
<!-- Generated by org.testng.reporters.JUnitReportReporter -->
<testsuite hostname="ApurvaHP" failures="0" tests="1" name="javascriptexecutorsandscreenshots.JavaScriptDemo2" time="20.112" errors="0" timestamp="2025-03-20T14:01:07 IST" skipped="0">
  <testcase classname="javascriptexecutorsandscreenshots.JavaScriptDemo2" name="dragAndDropTest" time="20.112"/>
  <system-out/>
</testsuite> <!-- javascriptexecutorsandscreenshots.JavaScriptDemo2 -->
