<?xml version="1.0" encoding="UTF-8"?>
<!-- Generated by org.testng.reporters.JUnitReportReporter -->
<testsuite hostname="ApurvaHP" failures="0" tests="1" name="handlings.MultipleWindowHandle5" time="25.603" errors="0" timestamp="2025-03-18T19:13:55 IST" skipped="0">
  <testcase classname="handlings.MultipleWindowHandle5" name="multipleWindowHandleTest" time="25.603"/>
  <system-out/>
</testsuite> <!-- handlings.MultipleWindowHandle5 -->
