<?xml version="1.0" encoding="UTF-8"?>
<!-- Generated by org.testng.reporters.JUnitReportReporter -->
<testsuite hostname="ApurvaHP" failures="0" tests="3" name="radiocheckwebtables.RadioButton" time="41.250" errors="0" timestamp="2025-03-20T23:48:36 IST" skipped="0">
  <testcase classname="radiocheckwebtables.RadioButton" name="radioButtonTest1" time="10.346"/>
  <system-out/>
  <testcase classname="radiocheckwebtables.RadioButton" name="radioButtonTest3" time="16.917"/>
  <system-out/>
  <testcase classname="radiocheckwebtables.RadioButton" name="radioButtonTest2" time="13.987"/>
  <system-out/>
</testsuite> <!-- radiocheckwebtables.RadioButton -->
