<?xml version="1.0" encoding="UTF-8"?>
<!-- Generated by org.testng.reporters.JUnitReportReporter -->
<testsuite hostname="ApurvaHP" failures="0" tests="1" name="micellenousactions.EcalculatorAssignment" time="18.854" errors="0" timestamp="2025-03-13T21:53:19 IST" skipped="0">
  <testcase classname="micellenousactions.EcalculatorAssignment" name="ecalDragAndDrop" time="18.854"/>
  <system-out/>
</testsuite> <!-- micellenousactions.EcalculatorAssignment -->
