<?xml version="1.0" encoding="UTF-8"?>
<!-- Generated by org.testng.reporters.JUnitReportReporter -->
<testsuite hostname="ApurvaHP" failures="0" tests="4" name="testng.AdactinHotelApp" time="0.021" errors="0" timestamp="2025-03-07T20:27:25 IST" skipped="0">
  <testcase classname="testng.AdactinHotelApp" name="registrationTest" time="0.010"/>
  <system-out/>
  <testcase classname="testng.AdactinHotelApp" name="loginTest" time="0.004"/>
  <system-out/>
  <testcase classname="testng.AdactinHotelApp" name="forgotpasswordTest" time="0.004"/>
  <system-out/>
  <testcase classname="testng.AdactinHotelApp" name="changepasswordTest" time="0.003"/>
  <system-out/>
</testsuite> <!-- testng.AdactinHotelApp -->
