<?xml version="1.0" encoding="UTF-8"?>
<!-- Generated by org.testng.reporters.JUnitReportReporter -->
<testsuite hostname="ApurvaHP" failures="0" tests="1" name="micellenousactions.DragAnddrop" time="8.356" errors="0" timestamp="2025-03-10T22:44:46 IST" skipped="0">
  <testcase classname="micellenousactions.DragAnddrop" name="dragAndDropTest" time="8.356"/>
  <system-out/>
</testsuite> <!-- micellenousactions.DragAnddrop -->
