<?xml version="1.0" encoding="UTF-8"?>
<!-- Generated by org.testng.reporters.JUnitReportReporter -->
<testsuite hostname="ApurvaHP" failures="0" tests="1" name="testng.TestNGDemo1" time="0.007" errors="0" timestamp="2025-03-07T17:44:35 IST" skipped="0">
  <testcase classname="testng.TestNGDemo1" name="hello" time="0.007"/>
  <system-out/>
</testsuite> <!-- testng.TestNGDemo1 -->
