<?xml version="1.0" encoding="UTF-8"?>
<!-- Generated by org.testng.reporters.JUnitReportReporter -->
<testsuite hostname="ApurvaHP" failures="0" tests="1" name="WebTables.DynamicWebTable1" time="41.948" errors="0" timestamp="2025-03-21T17:58:16 IST" skipped="0">
  <testcase classname="WebTables.DynamicWebTable1" name="webTableTest" time="41.948"/>
  <system-out/>
</testsuite> <!-- WebTables.DynamicWebTable1 -->
