<?xml version="1.0" encoding="UTF-8"?>
<!-- Generated by org.testng.reporters.JUnitReportReporter -->
<testsuite hostname="ApurvaHP" failures="0" tests="1" name="WebTables.StaticWebTable2" time="41.948" errors="0" timestamp="2025-03-21T12:04:36 IST" skipped="0">
  <testcase classname="WebTables.StaticWebTable2" name="staticWebTable1" time="41.948"/>
  <system-out/>
</testsuite> <!-- WebTables.StaticWebTable2 -->
