<?xml version="1.0" encoding="UTF-8"?>
<!-- Generated by org.testng.reporters.JUnitReportReporter -->
<testsuite hostname="ApurvaHP" failures="0" tests="1" name="micellenousactions.RightClick" time="15.525" errors="0" timestamp="2025-03-10T23:00:49 IST" skipped="0">
  <testcase classname="micellenousactions.RightClick" name="rightClick" time="15.525"/>
  <system-out/>
</testsuite> <!-- micellenousactions.RightClick -->
