<?xml version="1.0" encoding="UTF-8"?>
<!-- Generated by org.testng.reporters.JUnitReportReporter -->
<testsuite hostname="ApurvaHP" failures="0" tests="1" name="WebTables.StaticWebTable1" time="31.176" errors="0" timestamp="2025-03-21T11:57:53 IST" skipped="0">
  <testcase classname="WebTables.StaticWebTable1" name="staticWebTable1" time="31.176"/>
  <system-out/>
</testsuite> <!-- WebTables.StaticWebTable1 -->
